{"uuid":"59854b1e-4155-4116-b3de-2705c67c8388","historyId":"ebdbffce092969a7d0ad4776c8db1b1a","fullName":"tests.CreateListWithItemsTest.addNewList","labels":[{"name":"package","value":"tests.CreateListWithItemsTest"},{"name":"testClass","value":"tests.CreateListWithItemsTest"},{"name":"testMethod","value":"addNewList"},{"name":"parentSuite","value":"Default Suite"},{"name":"suite","value":"android_shoppinglist_tests"},{"name":"subSuite","value":"tests.CreateListWithItemsTest"},{"name":"host","value":"Alisinas-MBP"},{"name":"thread","value":"2436@Alisinas-MBP.main(1)"}],"links":[],"name":"TC2: Create a list with item","status":"broken","statusDetails":{"known":false,"muted":false,"flaky":false,"message":"Can't locate an element by this strategy: [unknown locator]\nFor documentation on this error, please visit: http://seleniumhq.org/exceptions/no_such_element.html\nBuild info: version: '2.46.0', revision: '61506a4624b13675f24581e453592342b7485d71', time: '2015-06-04 10:22:50'\nSystem info: host: 'Alisinas-MBP', ip: '192.168.1.68', os.name: 'Mac OS X', os.arch: 'x86_64', os.version: '10.11.6', java.version: '1.8.0_141'\nDriver info: driver.version: unknown","trace":"org.openqa.selenium.NoSuchElementException: Can't locate an element by this strategy: [unknown locator]\nFor documentation on this error, please visit: http://seleniumhq.org/exceptions/no_such_element.html\nBuild info: version: '2.46.0', revision: '61506a4624b13675f24581e453592342b7485d71', time: '2015-06-04 10:22:50'\nSystem info: host: 'Alisinas-MBP', ip: '192.168.1.68', os.name: 'Mac OS X', os.arch: 'x86_64', os.version: '10.11.6', java.version: '1.8.0_141'\nDriver info: driver.version: unknown\n\tat io.appium.java_client.pagefactory.AppiumElementLocator.findElement(AppiumElementLocator.java:123)\n\tat io.appium.java_client.pagefactory.ElementInterceptor.intercept(ElementInterceptor.java:30)\n\tat io.appium.java_client.android.AndroidElement$$EnhancerByCGLIB$$4604f270.getText(<generated>)\n\tat pages.AddProductsPage.checkTotal(AddProductsPage.java:152)\n\tat tests.CreateListWithItemsTest.addNewList(CreateListWithItemsTest.java:48)\n\tat sun.reflect.NativeMethodAccessorImpl.invoke0(Native Method)\n\tat sun.reflect.NativeMethodAccessorImpl.invoke(NativeMethodAccessorImpl.java:62)\n\tat sun.reflect.DelegatingMethodAccessorImpl.invoke(DelegatingMethodAccessorImpl.java:43)\n\tat java.lang.reflect.Method.invoke(Method.java:498)\n\tat org.testng.internal.MethodInvocationHelper.invokeMethod(MethodInvocationHelper.java:84)\n\tat org.testng.internal.Invoker.invokeMethod(Invoker.java:714)\n\tat org.testng.internal.Invoker.invokeTestMethod(Invoker.java:901)\n\tat org.testng.internal.Invoker.invokeTestMethods(Invoker.java:1231)\n\tat org.testng.internal.TestMethodWorker.invokeTestMethods(TestMethodWorker.java:127)\n\tat org.testng.internal.TestMethodWorker.run(TestMethodWorker.java:111)\n\tat org.testng.TestRunner.privateRun(TestRunner.java:767)\n\tat org.testng.TestRunner.run(TestRunner.java:617)\n\tat org.testng.SuiteRunner.runTest(SuiteRunner.java:348)\n\tat org.testng.SuiteRunner.runSequentially(SuiteRunner.java:343)\n\tat org.testng.SuiteRunner.privateRun(SuiteRunner.java:305)\n\tat org.testng.SuiteRunner.run(SuiteRunner.java:254)\n\tat org.testng.SuiteRunnerWorker.runSuite(SuiteRunnerWorker.java:52)\n\tat org.testng.SuiteRunnerWorker.run(SuiteRunnerWorker.java:86)\n\tat org.testng.TestNG.runSuitesSequentially(TestNG.java:1224)\n\tat org.testng.TestNG.runSuitesLocally(TestNG.java:1149)\n\tat org.testng.TestNG.run(TestNG.java:1057)\n\tat org.testng.IDEARemoteTestNG.run(IDEARemoteTestNG.java:72)\n\tat org.testng.RemoteTestNGStarter.main(RemoteTestNGStarter.java:123)\n"},"stage":"finished","start":1512354877765,"stop":1512354923629,"steps":[{"name":"App is opened","status":"passed","stage":"finished","start":1512354878502,"stop":1512354879066},{"name":"Set list name to the field","status":"passed","stage":"finished","start":1512354879067,"stop":1512354886019,"parameters":[{"name":"listName","value":"New list"}]},{"name":"Click 'Add new list' button","status":"passed","stage":"finished","start":1512354886020,"stop":1512354887084},{"name":"Check 'Add product' screen displayed","status":"passed","stage":"finished","start":1512354887122,"stop":1512354888878},{"name":"Set text to the product name field","status":"passed","stage":"finished","start":1512354888879,"stop":1512354894806,"parameters":[{"name":"productName","value":"product1"}]},{"name":"Set text to the product price field","status":"passed","stage":"finished","start":1512354894806,"stop":1512354900868,"parameters":[{"name":"productPrice","value":"3"}]},{"name":"Set text to the product amount field","status":"passed","stage":"finished","start":1512354900868,"stop":1512354906865,"parameters":[{"name":"productAmount","value":"2"}]},{"name":"Set text to the product comment field","status":"passed","stage":"finished","start":1512354906865,"stop":1512354913106,"parameters":[{"name":"productComment","value":"test comment"}]},{"name":"Select measure for product","status":"passed","stage":"finished","start":1512354913107,"stop":1512354914710,"parameters":[{"name":"productMeasure","value":"kg."}]},{"name":"Select category for product","status":"passed","stage":"finished","start":1512354914710,"stop":1512354916382,"parameters":[{"name":"productCategory","value":"Pet products"}]},{"name":"Click 'Add product' button","status":"passed","stage":"finished","start":1512354916382,"stop":1512354917211},{"name":"Check product was added","status":"passed","stage":"finished","start":1512354917212,"stop":1512354917894,"parameters":[{"name":"name","value":"product1"}]},{"name":"Check quantity is correct for added product","status":"passed","stage":"finished","start":1512354917901,"stop":1512354917992,"parameters":[{"name":"productName","value":"product1"},{"name":"expectedQty","value":"2 kg."}]},{"name":"Check price is correct for added product","status":"passed","stage":"finished","start":1512354917993,"stop":1512354918164,"parameters":[{"name":"productName","value":"product1"},{"name":"expectedPrice","value":"3"}]},{"name":"Check comment is correct for added product","status":"passed","stage":"finished","start":1512354918165,"stop":1512354918299,"parameters":[{"name":"productName","value":"product1"},{"name":"expectedComment","value":"test comment"}]},{"name":"Check total is correct","status":"broken","statusDetails":{"known":false,"muted":false,"flaky":false,"message":"Can't locate an element by this strategy: [unknown locator]\nFor documentation on this error, please visit: http://seleniumhq.org/exceptions/no_such_element.html\nBuild info: version: '2.46.0', revision: '61506a4624b13675f24581e453592342b7485d71', time: '2015-06-04 10:22:50'\nSystem info: host: 'Alisinas-MBP', ip: '192.168.1.68', os.name: 'Mac OS X', os.arch: 'x86_64', os.version: '10.11.6', java.version: '1.8.0_141'\nDriver info: driver.version: unknown","trace":"org.openqa.selenium.NoSuchElementException: Can't locate an element by this strategy: [unknown locator]\nFor documentation on this error, please visit: http://seleniumhq.org/exceptions/no_such_element.html\nBuild info: version: '2.46.0', revision: '61506a4624b13675f24581e453592342b7485d71', time: '2015-06-04 10:22:50'\nSystem info: host: 'Alisinas-MBP', ip: '192.168.1.68', os.name: 'Mac OS X', os.arch: 'x86_64', os.version: '10.11.6', java.version: '1.8.0_141'\nDriver info: driver.version: unknown\n\tat io.appium.java_client.pagefactory.AppiumElementLocator.findElement(AppiumElementLocator.java:123)\n\tat io.appium.java_client.pagefactory.ElementInterceptor.intercept(ElementInterceptor.java:30)\n\tat io.appium.java_client.android.AndroidElement$$EnhancerByCGLIB$$4604f270.getText(<generated>)\n\tat pages.AddProductsPage.checkTotal(AddProductsPage.java:152)\n\tat tests.CreateListWithItemsTest.addNewList(CreateListWithItemsTest.java:48)\n\tat sun.reflect.NativeMethodAccessorImpl.invoke0(Native Method)\n\tat sun.reflect.NativeMethodAccessorImpl.invoke(NativeMethodAccessorImpl.java:62)\n\tat sun.reflect.DelegatingMethodAccessorImpl.invoke(DelegatingMethodAccessorImpl.java:43)\n\tat java.lang.reflect.Method.invoke(Method.java:498)\n\tat org.testng.internal.MethodInvocationHelper.invokeMethod(MethodInvocationHelper.java:84)\n\tat org.testng.internal.Invoker.invokeMethod(Invoker.java:714)\n\tat org.testng.internal.Invoker.invokeTestMethod(Invoker.java:901)\n\tat org.testng.internal.Invoker.invokeTestMethods(Invoker.java:1231)\n\tat org.testng.internal.TestMethodWorker.invokeTestMethods(TestMethodWorker.java:127)\n\tat org.testng.internal.TestMethodWorker.run(TestMethodWorker.java:111)\n\tat org.testng.TestRunner.privateRun(TestRunner.java:767)\n\tat org.testng.TestRunner.run(TestRunner.java:617)\n\tat org.testng.SuiteRunner.runTest(SuiteRunner.java:348)\n\tat org.testng.SuiteRunner.runSequentially(SuiteRunner.java:343)\n\tat org.testng.SuiteRunner.privateRun(SuiteRunner.java:305)\n\tat org.testng.SuiteRunner.run(SuiteRunner.java:254)\n\tat org.testng.SuiteRunnerWorker.runSuite(SuiteRunnerWorker.java:52)\n\tat org.testng.SuiteRunnerWorker.run(SuiteRunnerWorker.java:86)\n\tat org.testng.TestNG.runSuitesSequentially(TestNG.java:1224)\n\tat org.testng.TestNG.runSuitesLocally(TestNG.java:1149)\n\tat org.testng.TestNG.run(TestNG.java:1057)\n\tat org.testng.IDEARemoteTestNG.run(IDEARemoteTestNG.java:72)\n\tat org.testng.RemoteTestNGStarter.main(RemoteTestNGStarter.java:123)\n"},"stage":"finished","start":1512354918300,"stop":1512354923617,"parameters":[{"name":"expectedTotal","value":"6"}]}],"parameters":[]}