{"uuid":"97edeb28-42db-4075-94f0-4142484dfe9c","historyId":"1546f6245e762d8b277103c28e1dbfb3","fullName":"tests.ChangeOrientationTest.checkCurrencySettings","labels":[{"name":"package","value":"tests.ChangeOrientationTest"},{"name":"testClass","value":"tests.ChangeOrientationTest"},{"name":"testMethod","value":"checkCurrencySettings"},{"name":"parentSuite","value":"Default Suite"},{"name":"suite","value":"android_shoppinglist_tests"},{"name":"subSuite","value":"tests.ChangeOrientationTest"},{"name":"host","value":"Alisinas-MBP"},{"name":"thread","value":"4758@Alisinas-MBP.main(1)"}],"links":[],"name":"[TC8] Change orientation in Settings menu ","status":"broken","statusDetails":{"known":false,"muted":false,"flaky":false,"message":"\nThe data provider is trying to pass 1 parameters but the method tests.ChangeOrientationTest#checkCurrencySettings takes 2 and TestNG is unable in inject a suitable object","trace":"org.testng.TestNGException: \nThe data provider is trying to pass 1 parameters but the method tests.ChangeOrientationTest#checkCurrencySettings takes 2 and TestNG is unable in inject a suitable object\n\tat org.testng.internal.Invoker.injectParameters(Invoker.java:1361)\n\tat org.testng.internal.Invoker.invokeTestMethods(Invoker.java:1225)\n\tat org.testng.internal.TestMethodWorker.invokeTestMethods(TestMethodWorker.java:127)\n\tat org.testng.internal.TestMethodWorker.run(TestMethodWorker.java:111)\n\tat org.testng.TestRunner.privateRun(TestRunner.java:767)\n\tat org.testng.TestRunner.run(TestRunner.java:617)\n\tat org.testng.SuiteRunner.runTest(SuiteRunner.java:348)\n\tat org.testng.SuiteRunner.runSequentially(SuiteRunner.java:343)\n\tat org.testng.SuiteRunner.privateRun(SuiteRunner.java:305)\n\tat org.testng.SuiteRunner.run(SuiteRunner.java:254)\n\tat org.testng.SuiteRunnerWorker.runSuite(SuiteRunnerWorker.java:52)\n\tat org.testng.SuiteRunnerWorker.run(SuiteRunnerWorker.java:86)\n\tat org.testng.TestNG.runSuitesSequentially(TestNG.java:1224)\n\tat org.testng.TestNG.runSuitesLocally(TestNG.java:1149)\n\tat org.testng.TestNG.run(TestNG.java:1057)\n\tat org.testng.IDEARemoteTestNG.run(IDEARemoteTestNG.java:72)\n\tat org.testng.RemoteTestNGStarter.main(RemoteTestNGStarter.java:123)\nCaused by: java.lang.ArrayIndexOutOfBoundsException: 1\n\tat org.testng.internal.Invoker.injectParameters(Invoker.java:1359)\n\t... 16 more\n"},"stage":"finished","start":1512368911333,"stop":1512368911333,"parameters":[]}